{
  "RSpec": {
    "coverage": {
      "/Users/hannaswdn/Desktop/rails_messaging_oct_18_team1/app/models/user.rb": [
        1,
        null,
        null,
        1,
        null,
        null,
        1,
        1,
        1,
        null,
        1,
        null,
        1,
        0,
        null,
        null,
        1,
        0,
        null,
        null
      ],
      "/Users/hannaswdn/Desktop/rails_messaging_oct_18_team1/app/models/application_record.rb": [
        1,
        1,
        null
      ],
      "/Users/hannaswdn/Desktop/rails_messaging_oct_18_team1/app/helpers/application_helper.rb": [
        1,
        1,
        0,
        0,
        0,
        0,
        0,
        null,
        null,
        1,
        0,
        null,
        null
      ],
      "/Users/hannaswdn/Desktop/rails_messaging_oct_18_team1/app/helpers/mailbox_helper.rb": [
        1,
        1,
        null,
        null,
        0,
        null,
        null
      ],
      "/Users/hannaswdn/Desktop/rails_messaging_oct_18_team1/app/controllers/application_controller.rb": [
        0,
        null,
        null,
        0,
        null,
        0,
        null,
        0,
        null,
        0,
        null,
        0,
        0,
        0,
        null,
        0,
        0,
        0,
        null,
        0,
        null,
        0,
        0,
        0,
        0,
        0
      ],
      "/Users/hannaswdn/Desktop/rails_messaging_oct_18_team1/app/controllers/mailbox_controller.rb": [
        0,
        0,
        null,
        0,
        0,
        0,
        0,
        null,
        0,
        0,
        0,
        0,
        null,
        0,
        0,
        0,
        0,
        0
      ],
      "/Users/hannaswdn/Desktop/rails_messaging_oct_18_team1/app/controllers/conversations_controller.rb": [
        0,
        0,
        null,
        0,
        0,
        null,
        0,
        0,
        0,
        0,
        0,
        0,
        0,
        0,
        0,
        0,
        0,
        0,
        0,
        0,
        null,
        0,
        0,
        null,
        0,
        0,
        null,
        0,
        0,
        0,
        0,
        0,
        null,
        0,
        0,
        0,
        0,
        null,
        0,
        0,
        0,
        0,
        null,
        0,
        null,
        0,
        0,
        0,
        null,
        0,
        0,
        0,
        null,
        0
      ],
      "/Users/hannaswdn/Desktop/rails_messaging_oct_18_team1/app/controllers/welcome_controller.rb": [
        0,
        0,
        0,
        0
      ]
    },
    "timestamp": 1542974228
  },
  "Cucumber Features": {
    "coverage": {
      "/Users/hannaswdn/Desktop/rails_messaging_oct_18_team1/app/controllers/conversations_controller.rb": [
        1,
        1,
        null,
        1,
        null,
        null,
        1,
        3,
        3,
        3,
        1,
        1,
        2,
        1,
        1,
        null,
        1,
        1,
        null,
        null,
        null,
        1,
        1,
        null,
        1,
        null,
        null,
        1,
        0,
        0,
        0,
        null,
        null,
        1,
        0,
        0,
        null,
        null,
        1,
        0,
        0,
        null,
        null,
        1,
        null,
        1,
        9,
        null,
        null,
        1,
        0,
        null,
        null,
        null
      ],
      "/Users/hannaswdn/Desktop/rails_messaging_oct_18_team1/app/controllers/application_controller.rb": [
        1,
        null,
        null,
        1,
        null,
        1,
        null,
        1,
        null,
        1,
        null,
        1,
        9,
        null,
        null,
        1,
        5,
        null,
        null,
        1,
        null,
        1,
        15,
        15,
        null,
        null
      ],
      "/Users/hannaswdn/Desktop/rails_messaging_oct_18_team1/app/helpers/application_helper.rb": [
        1,
        1,
        9,
        4,
        0,
        2,
        0,
        null,
        null,
        1,
        21,
        null,
        null
      ],
      "/Users/hannaswdn/Desktop/rails_messaging_oct_18_team1/app/helpers/mailbox_helper.rb": [
        1,
        1,
        null,
        null,
        7,
        null,
        null
      ],
      "/Users/hannaswdn/Desktop/rails_messaging_oct_18_team1/app/controllers/welcome_controller.rb": [
        1,
        1,
        null,
        null
      ],
      "/Users/hannaswdn/Desktop/rails_messaging_oct_18_team1/app/controllers/mailbox_controller.rb": [
        1,
        1,
        null,
        1,
        1,
        1,
        null,
        null,
        1,
        0,
        0,
        null,
        null,
        1,
        0,
        0,
        null,
        null
      ],
      "/Users/hannaswdn/Desktop/rails_messaging_oct_18_team1/app/models/application_record.rb": [
        0,
        0,
        0
      ],
      "/Users/hannaswdn/Desktop/rails_messaging_oct_18_team1/app/models/user.rb": [
        0,
        null,
        null,
        0,
        0,
        null,
        0,
        0,
        0,
        null,
        0,
        null,
        0,
        0,
        0,
        null,
        0,
        0,
        0,
        0
      ]
    },
    "timestamp": 1542974233
  }
}
